
=====================TIME POINT 1 :===================
=====================SAT BOXES:===================
0) [1.9528808593750000, 2.0437011718750000]
1) [0.3773193359375000, 0.3800048828125000]
====================UNDEC BOXES:==================
0) [1.9526367187500000, 1.9528808593750000]
1) [0.0000000000000000, 0.0432128906250000]
2) [0.1096191406250000, 0.1145019531250000]
3) [0.0609130859375000, 0.0844726562500000]
4) [0.0433349609375000, 0.0566406250000000]
5) [0.1461181640625000, 0.1485595703125000]
6) [0.3800048828125000, 0.3804931640625000]
7) [0.3767089843750000, 0.3773193359375000]
8) [0.0568847656250000, 0.0570068359375000]
9) [2.0437011718750000, 2.0439453125000000]
====================UNSAT BOXES:==================
0) [2.0439453125000000, 4.0000000000000000]
1) [0.3804931640625000, 1.9526367187500000]
2) [0.1485595703125000, 0.3767089843750000]
3) [0.1145019531250000, 0.1461181640625000]
4) [0.0844726562500000, 0.1096191406250000]
5) [0.0570068359375000, 0.0609130859375000]
6) [0.0566406250000000, 0.0568847656250000]
7) [0.0432128906250000, 0.0433349609375000]
=====================TIME POINT 2 :===================
=====================SAT BOXES:===================
0) [1.9686679840087891, 2.0424594879150391]
====================UNDEC BOXES:==================
0) [1.9683132171630859, 1.9686679840087891]
1) [2.0424594879150391, 2.0428142547607422]
====================UNSAT BOXES:==================
0) [0.3773193359375000, 0.3800048828125000]
1) [1.9528808593750000, 1.9683132171630859]
2) [2.0428142547607422, 2.0437011718750000]
=====================TIME POINT 3 :===================
=====================SAT BOXES:===================
0) [1.9686679840087891, 2.0424594879150391]
====================UNDEC BOXES:==================
====================UNSAT BOXES:==================
=====================TIME POINT 4 :===================
=====================SAT BOXES:===================
0) [1.9786125421524048, 2.0266058444976807]
====================UNDEC BOXES:==================
0) [2.0266058444976807, 2.0270382165908813]
1) [1.9781801700592041, 1.9786125421524048]
====================UNSAT BOXES:==================
0) [2.0270382165908813, 2.0424594879150391]
1) [1.9686679840087891, 1.9781801700592041]
=====================TIME POINT 5 :===================
=====================SAT BOXES:===================
0) [1.9917357107624412, 2.0114204636774957]
====================UNDEC BOXES:==================
0) [2.0114204636774957, 2.0117954113520682]
1) [1.9913607630878687, 1.9917357107624412]
====================UNSAT BOXES:==================
0) [2.0117954113520682, 2.0266058444976807]
1) [1.9786125421524048, 1.9913607630878687]
=====================TIME POINT 6 :===================
=====================SAT BOXES:===================
0) [1.9926584335553343, 2.0058841269201366]
====================UNDEC BOXES:==================
0) [1.9923508592910366, 1.9926584335553343]
1) [2.0058841269201366, 2.0061917011844344]
====================UNSAT BOXES:==================
0) [2.0061917011844344, 2.0114204636774957]
1) [1.9917357107624412, 1.9923508592910366]
=====================TIME POINT 7 :===================
=====================SAT BOXES:===================
0) [1.9945182966847597, 2.0058841269201366]
====================UNDEC BOXES:==================
0) [1.9942083194965221, 1.9945182966847597]
====================UNSAT BOXES:==================
0) [1.9926584335553343, 1.9942083194965221]
=====================TIME POINT 8 :===================
=====================SAT BOXES:===================
0) [1.9945182966847597, 2.0048185803355700]
====================UNDEC BOXES:==================
0) [2.0048185803355700, 2.0055289447252811]
====================UNSAT BOXES:==================
0) [2.0055289447252811, 2.0058841269201366]
=====================TIME POINT 9 :===================
=====================SAT BOXES:===================
0) [1.9945182966847597, 2.0048185803355700]
====================UNDEC BOXES:==================
====================UNSAT BOXES:==================
=====================TIME POINT 10 :===================
=====================SAT BOXES:===================
0) [1.9945182966847597, 2.0048185803355700]
====================UNDEC BOXES:==================
====================UNSAT BOXES:==================
=====================TIME POINT 11 :===================
=====================SAT BOXES:===================
0) [1.9974152514615502, 2.0048185803355700]
====================UNDEC BOXES:==================
0) [1.9967714837333745, 1.9974152514615502]
====================UNSAT BOXES:==================
0) [1.9945182966847597, 1.9967714837333745]
=====================TIME POINT 12 :===================
=====================SAT BOXES:===================
0) [1.9974152514615502, 2.0034304561716914]
====================UNDEC BOXES:==================
0) [2.0034304561716914, 2.0038931642263176]
====================UNSAT BOXES:==================
0) [2.0038931642263176, 2.0048185803355700]
=====================TIME POINT 13 :===================
=====================SAT BOXES:===================
0) [1.9987310774918938, 2.0034304561716914]
====================UNDEC BOXES:==================
0) [1.9981671520503179, 1.9987310774918938]
====================UNSAT BOXES:==================
0) [1.9974152514615502, 1.9981671520503179]
=====================TIME POINT 14 :===================
=====================SAT BOXES:===================
0) [1.9991716442431251, 2.0034304561716914]
====================UNDEC BOXES:==================
0) [1.9987310774918938, 1.9991716442431251]
====================UNSAT BOXES:==================
=====================TIME POINT 15 :===================
=====================SAT BOXES:===================
0) [1.9991716442431251, 2.0034304561716914]
====================UNDEC BOXES:==================
====================UNSAT BOXES:==================
===============================================
TIME: 11779.0000000000000000 SECONDS




=====================SAT BOXES:===================
0) [1.9528808593750000, 2.0437011718750000]
1) [0.3771972656250000, 0.3801269531250000]
2) [0.1473388671875000, 0.1474609375000000]
====================UNDEC BOXES:==================
0) [2.0437011718750000, 2.0439453125000000]
1) [0.0000000000000000, 0.0180664062500000]
2) [1.9526367187500000, 1.9528808593750000]
3) [0.3769531250000000, 0.3771972656250000]
4) [0.0460205078125000, 0.0471191406250000]
5) [0.0286865234375000, 0.0319824218750000]
6) [0.0354003906250000, 0.0367431640625000]
7) [0.0208740234375000, 0.0233154296875000]
8) [0.0383300781250000, 0.0395507812500000]
9) [0.1474609375000000, 0.1478271484375000]
10) [0.0240478515625000, 0.0268554687500000]
11) [0.0183105468750000, 0.0203857421875000]
12) [0.0511474609375000, 0.0521240234375000]
13) [0.0761718750000000, 0.0769042968750000]
14) [0.3801269531250000, 0.3803710937500000]
15) [0.1116943359375000, 0.1124267578125000]
16) [0.1469726562500000, 0.1473388671875000]
17) [0.0653076171875000, 0.0661621093750000]
====================UNSAT BOXES:==================
0) [2.0439453125000000, 4.0000000000000000]
1) [0.3803710937500000, 1.9526367187500000]
2) [0.1478271484375000, 0.3769531250000000]
3) [0.1124267578125000, 0.1469726562500000]
4) [0.0769042968750000, 0.1116943359375000]
5) [0.0521240234375000, 0.0653076171875000]
6) [0.0661621093750000, 0.0761718750000000]
7) [0.0395507812500000, 0.0460205078125000]
8) [0.0471191406250000, 0.0511474609375000]
9) [0.0319824218750000, 0.0354003906250000]
10) [0.0268554687500000, 0.0286865234375000]
11) [0.0367431640625000, 0.0383300781250000]
12) [0.0233154296875000, 0.0240478515625000]
13) [0.0180664062500000, 0.0183105468750000]
14) [0.0203857421875000, 0.0208740234375000]
=====================TIME POINT 2 :===================
=====================SAT BOXES:===================
0) [1.9686679840087891, 2.0424594879150391]
====================UNDEC BOXES:==================
0) [0.1473388671875000, 0.1474609375000000]
1) [2.0424594879150391, 2.0428142547607422]
2) [1.9683132171630859, 1.9686679840087891]
====================UNSAT BOXES:==================
0) [0.3771972656250000, 0.3801269531250000]
1) [1.9528808593750000, 1.9683132171630859]
2) [2.0428142547607422, 2.0437011718750000]
=====================TIME POINT 3 :===================
=====================SAT BOXES:===================
0) [1.9686679840087891, 2.0424594879150391]
====================UNDEC BOXES:==================
====================UNSAT BOXES:==================
=====================TIME POINT 4 :===================
=====================SAT BOXES:===================
0) [1.9786125421524048, 2.0266058444976807]
====================UNDEC BOXES:==================
0) [2.0266058444976807, 2.0270382165908813]
1) [1.9781801700592041, 1.9786125421524048]
====================UNSAT BOXES:==================
0) [2.0270382165908813, 2.0424594879150391]
1) [1.9686679840087891, 1.9781801700592041]
=====================TIME POINT 5 :===================
=====================SAT BOXES:===================
0) [1.9917357107624412, 2.0114204636774957]
====================UNDEC BOXES:==================
0) [2.0114204636774957, 2.0117954113520682]
1) [1.9913607630878687, 1.9917357107624412]
====================UNSAT BOXES:==================
0) [2.0117954113520682, 2.0266058444976807]
1) [1.9786125421524048, 1.9913607630878687]
=====================TIME POINT 6 :===================
=====================SAT BOXES:===================
0) [1.9926584335553343, 2.0058841269201366]
====================UNDEC BOXES:==================
0) [1.9923508592910366, 1.9926584335553343]
1) [2.0058841269201366, 2.0061917011844344]
====================UNSAT BOXES:==================
0) [2.0061917011844344, 2.0114204636774957]
1) [1.9917357107624412, 1.9923508592910366]
=====================TIME POINT 7 :===================
=====================SAT BOXES:===================
0) [1.9945182966847597, 2.0058841269201366]
====================UNDEC BOXES:==================
0) [1.9943116452259346, 1.9945182966847597]
====================UNSAT BOXES:==================
0) [1.9926584335553343, 1.9943116452259346]
=====================TIME POINT 8 :===================
=====================SAT BOXES:===================
0) [1.9945182966847597, 2.0049961714329978]
====================UNDEC BOXES:==================
0) [2.0049961714329978, 2.0055289447252811]
====================UNSAT BOXES:==================
0) [2.0055289447252811, 2.0058841269201366]
=====================TIME POINT 9 :===================
=====================SAT BOXES:===================
0) [1.9945182966847597, 2.0049961714329978]
====================UNDEC BOXES:==================
====================UNSAT BOXES:==================
=====================TIME POINT 10 :===================
=====================SAT BOXES:===================
0) [1.9945182966847597, 2.0049961714329978]
====================UNDEC BOXES:==================
====================UNSAT BOXES:==================
=====================TIME POINT 11 :===================
=====================SAT BOXES:===================
0) [1.9974651989577017, 2.0049961714329978]
====================UNDEC BOXES:==================
0) [1.9968103317859369, 1.9974651989577017]
====================UNSAT BOXES:==================
0) [1.9945182966847597, 1.9968103317859369]
=====================TIME POINT 12 :===================
=====================SAT BOXES:===================
0) [1.9974651989577017, 2.0034664426489539]
====================UNDEC BOXES:==================
0) [2.0034664426489539, 2.0038194569837331]
====================UNSAT BOXES:==================
0) [2.0038194569837331, 2.0049961714329978]
=====================TIME POINT 13 :===================
=====================SAT BOXES:===================
0) [1.9987779710151634, 2.0034664426489539]
====================UNDEC BOXES:==================
0) [1.9982153544191084, 1.9987779710151634]
====================UNSAT BOXES:==================
0) [1.9974651989577017, 1.9982153544191084]
=====================TIME POINT 14 :===================
=====================SAT BOXES:===================
0) [1.9992175152308314, 2.0034664426489539]
====================UNDEC BOXES:==================
0) [1.9987779710151634, 1.9992175152308314]
====================UNSAT BOXES:==================
=====================TIME POINT 15 :===================
=====================SAT BOXES:===================
0) [1.9992175152308314, 2.0034664426489539]
====================UNDEC BOXES:==================
====================UNSAT BOXES:==================
===============================================
TIME: 1940.0000000000000000 SECONDS
